\BOOKMARK [0][-]{chapter*.6}{Kurzfassung}{}% 1
\BOOKMARK [0][-]{chapter*.8}{Abstract}{}% 2
\BOOKMARK [0][-]{section*.10}{Contents}{}% 3
\BOOKMARK [0][-]{chapter.1}{Introduction}{}% 4
\BOOKMARK [1][-]{section.1.1}{Motivation}{chapter.1}% 5
\BOOKMARK [1][-]{section.1.2}{Aim}{chapter.1}% 6
\BOOKMARK [1][-]{section.1.3}{Methodology}{chapter.1}% 7
\BOOKMARK [0][-]{chapter.2}{Background}{}% 8
\BOOKMARK [1][-]{section.2.1}{Related work}{chapter.2}% 9
\BOOKMARK [0][-]{chapter.3}{Design}{}% 10
\BOOKMARK [1][-]{section.3.1}{Dataset Acquisition}{chapter.3}% 11
\BOOKMARK [1][-]{section.3.2}{Dataset Analysis}{chapter.3}% 12
\BOOKMARK [1][-]{section.3.3}{Task modelling}{chapter.3}% 13
\BOOKMARK [1][-]{section.3.4}{Simple CNN}{chapter.3}% 14
\BOOKMARK [1][-]{section.3.5}{Transfer Learning CNN}{chapter.3}% 15
\BOOKMARK [1][-]{section.3.6}{ELMo}{chapter.3}% 16
\BOOKMARK [1][-]{section.3.7}{AutoML}{chapter.3}% 17
\BOOKMARK [1][-]{section.3.8}{Two Stage Model}{chapter.3}% 18
\BOOKMARK [1][-]{section.3.9}{Additional Experiments}{chapter.3}% 19
\BOOKMARK [0][-]{chapter.4}{Implementation}{}% 20
\BOOKMARK [0][-]{chapter.5}{Evaluation}{}% 21
\BOOKMARK [1][-]{section.5.1}{Architectures}{chapter.5}% 22
\BOOKMARK [1][-]{section.5.2}{Results}{chapter.5}% 23
\BOOKMARK [0][-]{chapter.6}{Conclusion}{}% 24
\BOOKMARK [0][-]{section*.38}{List of Figures}{}% 25
\BOOKMARK [0][-]{chapter*.39}{Bibliography}{}% 26
