\BOOKMARK [1][-]{toc1.1}{Contents}{}% 1
\BOOKMARK [1][-]{section.1}{1 Introduction}{}% 2
\BOOKMARK [1][-]{section.2}{2 Known Issues}{}% 3
\BOOKMARK [1][-]{section.3}{3 Usage for Document Authors}{}% 4
\BOOKMARK [2][-]{subsection.3.1}{3.1 Data}{section.3}% 5
\BOOKMARK [3][-]{subsubsection.3.1.1}{3.1.1 Textual Data}{subsection.3.1}% 6
\BOOKMARK [3][-]{subsubsection.3.1.2}{3.1.2 Persons}{subsection.3.1}% 7
\BOOKMARK [3][-]{subsubsection.3.1.3}{3.1.3 Dates}{subsection.3.1}% 8
\BOOKMARK [3][-]{subsubsection.3.1.4}{3.1.4 List Data}{subsection.3.1}% 9
\BOOKMARK [3][-]{subsubsection.3.1.5}{3.1.5 Polylingual Data}{subsection.3.1}% 10
\BOOKMARK [2][-]{subsection.3.2}{3.2 Layout}{section.3}% 11
\BOOKMARK [1][-]{section.4}{4 Usage for Class Writers}{}% 12
\BOOKMARK [2][-]{subsection.4.1}{4.1 Data}{section.4}% 13
\BOOKMARK [2][-]{subsection.4.2}{4.2 Layout}{section.4}% 14
\BOOKMARK [1][-]{section.5}{5 Implementation}{}% 15
\BOOKMARK [2][-]{subsection.5.1}{5.1 Initialization}{section.5}% 16
\BOOKMARK [3][-]{subsubsection.5.1.1}{5.1.1 Class Options}{subsection.5.1}% 17
\BOOKMARK [3][-]{subsubsection.5.1.2}{5.1.2 Loaded Class and Packages}{subsection.5.1}% 18
\BOOKMARK [3][-]{subsubsection.5.1.3}{5.1.3 Low-Level Functionality}{subsection.5.1}% 19
\BOOKMARK [3][-]{subsubsection.5.1.4}{5.1.4 Fonts}{subsection.5.1}% 20
\BOOKMARK [2][-]{subsection.5.2}{5.2 Data}{section.5}% 21
\BOOKMARK [3][-]{subsubsection.5.2.1}{5.2.1 Dates}{subsection.5.2}% 22
\BOOKMARK [3][-]{subsubsection.5.2.2}{5.2.2 Textual Data}{subsection.5.2}% 23
\BOOKMARK [3][-]{subsubsection.5.2.3}{5.2.3 Persons}{subsection.5.2}% 24
\BOOKMARK [3][-]{subsubsection.5.2.4}{5.2.4 Polylingual Text}{subsection.5.2}% 25
\BOOKMARK [3][-]{subsubsection.5.2.5}{5.2.5 Thesis Types}{subsection.5.2}% 26
\BOOKMARK [3][-]{subsubsection.5.2.6}{5.2.6 Declarations}{subsection.5.2}% 27
\BOOKMARK [2][-]{subsection.5.3}{5.3 Layout}{section.5}% 28
\BOOKMARK [3][-]{subsubsection.5.3.1}{5.3.1 Setup}{subsection.5.3}% 29
\BOOKMARK [3][-]{subsubsection.5.3.2}{5.3.2 Title Page}{subsection.5.3}% 30
\BOOKMARK [3][-]{subsubsection.5.3.3}{5.3.3 Front Matter Material}{subsection.5.3}% 31
\BOOKMARK [3][-]{subsubsection.5.3.4}{5.3.4 Page Style}{subsection.5.3}% 32
\BOOKMARK [1][-]{section.6}{6 Change History}{}% 33
